<?xml version="1.0" encoding="UTF-8"?>
<!-- Generated by org.testng.reporters.JUnitReportReporter -->
<testsuite hostname="WS-8192" name="seleniumAutomation.Automation.NotificationTest" tests="1" failures="0" timestamp="7 May 2020 09:58:49 GMT" time="5.184" errors="0">
  <testcase name="test" time="5.184" classname="seleniumAutomation.Automation.NotificationTest"/>
</testsuite> <!-- seleniumAutomation.Automation.NotificationTest -->
