<?xml version="1.0" encoding="UTF-8"?>
<!-- Generated by org.testng.reporters.JUnitReportReporter -->
<testsuite skipped="0" hostname="WS-8192" name="studentAPI.SerTest" tests="1" failures="0" timestamp="2020-07-14T21:29:29 IST" time="4.870" errors="0">
  <testcase name="serTest1" time="4.870" classname="studentAPI.SerTest"/>
  <system-out/>
</testsuite> <!-- studentAPI.SerTest -->
