<?xml version="1.0" encoding="UTF-8"?>
<!-- Generated by org.testng.reporters.JUnitReportReporter -->
<testsuite skipped="0" hostname="WS-8192" name="studentAPI.GetAPITest" tests="1" failures="0" timestamp="2020-07-02T23:23:56 IST" time="3.466" errors="0">
  <testcase name="getAPITest" time="3.466" classname="studentAPI.GetAPITest"/>
  <system-out/>
</testsuite> <!-- studentAPI.GetAPITest -->
