<?xml version="1.0" encoding="UTF-8"?>
<!-- Generated by org.testng.reporters.JUnitReportReporter -->
<testsuite skipped="0" hostname="WS-8192" name="APIAutomation.apiautomation.GetRequestAutomation" tests="1" failures="0" timestamp="2020-06-29T21:46:21 IST" time="4.426" errors="0">
  <testcase name="getRequestAutomation" time="4.426" classname="APIAutomation.apiautomation.GetRequestAutomation"/>
  <system-out/>
</testsuite> <!-- APIAutomation.apiautomation.GetRequestAutomation -->
