<?xml version="1.0" encoding="UTF-8"?>
<!-- Generated by org.testng.reporters.JUnitReportReporter -->
<testsuite skipped="0" hostname="WS-8192" name="studentAPI.postAPiTest" tests="1" failures="0" timestamp="2020-07-03T22:47:49 IST" time="4.458" errors="0">
  <testcase name="validPostTest" time="4.458" classname="studentAPI.postAPiTest"/>
  <system-out/>
</testsuite> <!-- studentAPI.postAPiTest -->
