<?xml version="1.0" encoding="UTF-8"?>
<!-- Generated by org.testng.reporters.JUnitReportReporter -->
<testsuite skipped="0" hostname="WS-8192" name="studentAPI.loginTest" tests="1" failures="0" timestamp="2020-07-03T23:09:14 IST" time="0.027" errors="0">
  <testcase name="loginTest" time="0.027" classname="studentAPI.loginTest"/>
  <system-out/>
</testsuite> <!-- studentAPI.loginTest -->
