<?xml version="1.0" encoding="UTF-8"?>
<!-- Generated by org.testng.reporters.JUnitReportReporter -->
<testsuite skipped="0" hostname="WS-8192" name="baseTest.BaseTest" tests="1" failures="0" timestamp="2020-07-01T21:30:27 IST" time="0.018" errors="0">
  <testcase name="utilsTest" time="0.018" classname="baseTest.BaseTest"/>
  <system-out/>
</testsuite> <!-- baseTest.BaseTest -->
